#
# A fatal error has been detected by the Java Runtime Environment:
#
#  SIGSEGV (0xb) at pc=0x000000010fd0bfc7, pid=6894, tid=0x000000000000ac2b
#
# JRE version: Java(TM) SE Runtime Environment (8.0_221-b11) (build 1.8.0_221-b11)
# Java VM: Java HotSpot(TM) 64-Bit Server VM (25.221-b11 mixed mode bsd-amd64 compressed oops)
# Problematic frame:
# C  [libawt_lwawt.dylib+0x1cfc7]  OGLSD_SetScratchSurface+0x49
#
# Failed to write core dump. Core dumps have been disabled. To enable core dumping, try "ulimit -c unlimited" before starting Java again
#
# If you would like to submit a bug report, please visit:
#   http://bugreport.java.com/bugreport/crash.jsp
# The crash happened outside the Java Virtual Machine in native code.
# See problematic frame for where to report the bug.
#

---------------  T H R E A D  ---------------

Current thread (0x00007f8ef6a40000):  JavaThread "Java2D Queue Flusher" daemon [_thread_in_native, id=44075, stack(0x0000700009ca7000,0x0000700009da7000)]

siginfo: si_signo: 11 (SIGSEGV), si_code: 0 (unknown), si_addr: 0x0000000000000000

Registers:
RAX=0x00000000ffffffff, RBX=0x003f0041003f0002, RCX=0x0000000000000047, RDX=0x000000010fd2dab4
RSP=0x0000700009da6750, RBP=0x0000700009da6770, RSI=0x00007f8ef6557080, RDI=0x00007f8ef6a401f8
R8 =0x000000000000000a, R9 =0xffffffff00000000, R10=0x0000000117ce9df8, R11=0x0000000117e2ee80
R12=0x0000000000000000, R13=0x0000700009da6908, R14=0x00007f8ef6a401f8, R15=0x00007f8ef6a40000
RIP=0x000000010fd0bfc7, EFLAGS=0x0000000000010202, ERR=0x0000000000000000
  TRAPNO=0x000000000000000d

Top of Stack: (sp=0x0000700009da6750)
0x0000700009da6750:   00007f8ef6557080 0000000000000000
0x0000700009da6760:   00007f8ef8202810 00007f8ef6a40000
0x0000700009da6770:   0000700009da67f0 000000010fd2d592
0x0000700009da6780:   00007f8ef6505d00 0000000200000001
0x0000700009da6790:   3fe0100010101010 0000000000000000
0x0000700009da67a0:   0000000000000000 0000000000000000
0x0000700009da67b0:   0000700009da67f0 00007f8ef8202820
0x0000700009da67c0:   0000700000da6908 00007f8ef6a401f8
0x0000700009da67d0:   0000000113b8cbb8 0000000000000000
0x0000700009da67e0:   0000700009da6988 00007f8ef6a40000
0x0000700009da67f0:   0000700009da6840 0000000117ce9e6a
0x0000700009da6800:   0000000799badb78 000000010853d0ec
0x0000700009da6810:   0000000000000064 0000000000000000
0x0000700009da6820:   0000000000000064 00007f8ef65059e8
0x0000700009da6830:   0000700009da6890 0000000108352b40
0x0000700009da6840:   0000700009da6960 0000000117e2e83c
0x0000700009da6850:   0000000000000001 00007f8ef6506430
0x0000700009da6860:   0000000799badc00 00007f8ef6a40000
0x0000700009da6870:   00007f8ef6a40000 000000010ded4a00
0x0000700009da6880:   0000700009da6988 00007f8ef6a40000
0x0000700009da6890:   0000700009da68e0 0000000117bb7ba8
0x0000700009da68a0:   0000000799badb78 00000001179b9d26
0x0000700009da68b0:   0000700009da6960 0000000117e2eedc
0x0000700009da68c0:   000000010e62a681 0000700009da6908
0x0000700009da68d0:   000000010e62b490 0000000000000000
0x0000700009da68e0:   0000700009da6960 00000001175ee2bd
0x0000700009da68f0:   0000700009da6960 00000001175ee2bd
0x0000700009da6900:   00000001175ee2bd 0000000799badb78
0x0000700009da6910:   0000000000000003 0000000799badc50
0x0000700009da6920:   0000700009da6910 000000010e62ded9
0x0000700009da6930:   0000700009da6988 000000010e62e7a8
0x0000700009da6940:   0000000000000000 000000010e62e028 

Instructions: (pc=0x000000010fd0bfc7)
0x000000010fd0bfa7:   c0 e9 82 00 00 00 48 8b 5e 10 48 85 db 75 0e bf
0x000000010fd0bfb7:   01 00 00 00 48 8d 15 cb 96 03 00 eb d6 49 89 fe
0x000000010fd0bfc7:   4c 8b 3b 30 c0 e8 ff bc 02 00 49 8b 3f 49 89 c4
0x000000010fd0bfd7:   48 8b 35 82 29 06 00 30 c0 e8 4d be 02 00 48 85 

Register to memory mapping:

RAX=0x00000000ffffffff is an unknown value
RBX=0x003f0041003f0002 is an unknown value
RCX=0x0000000000000047 is an unknown value
RDX=0x000000010fd2dab4: Java_sun_java2d_opengl_OGLRenderQueue_flushBuffer+0xb5c in /Library/Java/JavaVirtualMachines/jdk1.8.0_221.jdk/Contents/Home/jre/lib/libawt_lwawt.dylib at 0x000000010fcef000
RSP=0x0000700009da6750 is pointing into the stack for thread: 0x00007f8ef6a40000
RBP=0x0000700009da6770 is pointing into the stack for thread: 0x00007f8ef6a40000
RSI=0x00007f8ef6557080 is an unknown value
RDI=0x00007f8ef6a401f8 is an unknown value
R8 =0x000000000000000a is an unknown value
R9 =0xffffffff00000000 is an unknown value
R10=0x0000000117ce9df8 is at entry_point+56 in (nmethod*)0x0000000117ce9c50
R11=0x0000000117e2ee80 is at entry_point+0 in (nmethod*)0x0000000117e2ed10
R12=0x0000000000000000 is an unknown value
R13=0x0000700009da6908 is pointing into the stack for thread: 0x00007f8ef6a40000
R14=0x00007f8ef6a401f8 is an unknown value
R15=0x00007f8ef6a40000 is a thread


Stack: [0x0000700009ca7000,0x0000700009da7000],  sp=0x0000700009da6750,  free space=1021k
Native frames: (J=compiled Java code, j=interpreted, Vv=VM code, C=native code)
C  [libawt_lwawt.dylib+0x1cfc7]  OGLSD_SetScratchSurface+0x49
C  [libawt_lwawt.dylib+0x3e592]  Java_sun_java2d_opengl_OGLRenderQueue_flushBuffer+0x63a
J 2191  sun.java2d.opengl.OGLRenderQueue.flushBuffer(JI)V (0 bytes) @ 0x0000000117ce9e6a [0x0000000117ce9dc0+0xaa]
J 2564 C1 sun.java2d.opengl.OGLRenderQueue.flushBuffer()V (41 bytes) @ 0x0000000117e2e83c [0x0000000117e2e5e0+0x25c]
J 2563 C1 sun.java2d.opengl.OGLRenderQueue.access$100(Lsun/java2d/opengl/OGLRenderQueue;)V (5 bytes) @ 0x0000000117e2eedc [0x0000000117e2ee80+0x5c]
j  sun.java2d.opengl.OGLRenderQueue$QueueFlusher.run()V+81
v  ~StubRoutines::call_stub
V  [libjvm.dylib+0x2f0d1e]  JavaCalls::call_helper(JavaValue*, methodHandle*, JavaCallArguments*, Thread*)+0x6ae
V  [libjvm.dylib+0x2f14c2]  JavaCalls::call_virtual(JavaValue*, KlassHandle, Symbol*, Symbol*, JavaCallArguments*, Thread*)+0x164
V  [libjvm.dylib+0x2f166e]  JavaCalls::call_virtual(JavaValue*, Handle, KlassHandle, Symbol*, Symbol*, Thread*)+0x4a
V  [libjvm.dylib+0x34bf5d]  thread_entry(JavaThread*, Thread*)+0x7c
V  [libjvm.dylib+0x570b93]  JavaThread::thread_main_inner()+0x9b
V  [libjvm.dylib+0x57228e]  JavaThread::run()+0x1c2
V  [libjvm.dylib+0x48f30a]  java_start(Thread*)+0xf6
C  [libsystem_pthread.dylib+0x32eb]  _pthread_body+0x7e
C  [libsystem_pthread.dylib+0x6249]  _pthread_start+0x42
C  [libsystem_pthread.dylib+0x240d]  thread_start+0xd
C  0x0000000000000000

Java frames: (J=compiled Java code, j=interpreted, Vv=VM code)
J 2191  sun.java2d.opengl.OGLRenderQueue.flushBuffer(JI)V (0 bytes) @ 0x0000000117ce9df8 [0x0000000117ce9dc0+0x38]
J 2564 C1 sun.java2d.opengl.OGLRenderQueue.flushBuffer()V (41 bytes) @ 0x0000000117e2e83c [0x0000000117e2e5e0+0x25c]
J 2563 C1 sun.java2d.opengl.OGLRenderQueue.access$100(Lsun/java2d/opengl/OGLRenderQueue;)V (5 bytes) @ 0x0000000117e2eedc [0x0000000117e2ee80+0x5c]
j  sun.java2d.opengl.OGLRenderQueue$QueueFlusher.run()V+81
v  ~StubRoutines::call_stub

---------------  P R O C E S S  ---------------

Java Threads: ( => current thread )
  0x00007f8ef7a92000 JavaThread "TimerQueue" daemon [_thread_blocked, id=54051, stack(0x000070000a033000,0x000070000a133000)]
  0x00007f8ef6805000 JavaThread "DestroyJavaVM" [_thread_blocked, id=10243, stack(0x0000700008aee000,0x0000700008bee000)]
  0x00007f8ef8238800 JavaThread "AWT-EventQueue-0" [_thread_blocked, id=77079, stack(0x0000700009ead000,0x0000700009fad000)]
  0x00007f8ef6a73000 JavaThread "Java2D Disposer" daemon [_thread_blocked, id=77583, stack(0x0000700009daa000,0x0000700009eaa000)]
=>0x00007f8ef6a40000 JavaThread "Java2D Queue Flusher" daemon [_thread_in_native, id=44075, stack(0x0000700009ca7000,0x0000700009da7000)]
  0x00007f8ef78e8800 JavaThread "AWT-Shutdown" [_thread_blocked, id=26155, stack(0x0000700009a1b000,0x0000700009b1b000)]
  0x00007f8ef69f8000 JavaThread "AppKit Thread" daemon [_thread_in_native, id=775, stack(0x00007ffee7c4b000,0x00007ffee844b000)]
  0x00007f8ef7859800 JavaThread "Abandoned connection cleanup thread" daemon [_thread_blocked, id=15107, stack(0x0000700009918000,0x0000700009a18000)]
  0x00007f8ef7828000 JavaThread "Service Thread" daemon [_thread_blocked, id=18179, stack(0x0000700009712000,0x0000700009812000)]
  0x00007f8ef7825800 JavaThread "C1 CompilerThread2" daemon [_thread_blocked, id=14339, stack(0x000070000960f000,0x000070000970f000)]
  0x00007f8ef7824800 JavaThread "C2 CompilerThread1" daemon [_thread_blocked, id=13827, stack(0x000070000950c000,0x000070000960c000)]
  0x00007f8ef800b000 JavaThread "C2 CompilerThread0" daemon [_thread_blocked, id=18435, stack(0x0000700009409000,0x0000700009509000)]
  0x00007f8ef8003800 JavaThread "Signal Dispatcher" daemon [_thread_blocked, id=18691, stack(0x0000700009306000,0x0000700009406000)]
  0x00007f8ef700e800 JavaThread "Finalizer" daemon [_thread_blocked, id=20227, stack(0x0000700009203000,0x0000700009303000)]
  0x00007f8ef6836800 JavaThread "Reference Handler" daemon [_thread_blocked, id=11523, stack(0x0000700009100000,0x0000700009200000)]

Other Threads:
  0x00007f8ef700c000 VMThread [stack: 0x0000700008ffd000,0x00007000090fd000] [id=20995]
  0x00007f8ef7833000 WatcherThread [stack: 0x0000700009815000,0x0000700009915000] [id=17923]

VM state:not at safepoint (normal execution)

VM Mutex/Monitor currently owned by a thread: None

heap address: 0x0000000740000000, size: 2048 MB, Compressed Oops mode: Zero based, Oop shift amount: 3
Narrow klass base: 0x0000000000000000, Narrow klass shift: 3
Compressed class space size: 1073741824 Address: 0x00000007c0000000

Heap:
 PSYoungGen      total 38400K, used 17042K [0x0000000795580000, 0x000000079a080000, 0x00000007c0000000)
  eden space 33280K, 36% used [0x0000000795580000,0x0000000796160868,0x0000000797600000)
  from space 5120K, 95% used [0x0000000799b80000,0x000000079a044260,0x000000079a080000)
  to   space 5120K, 0% used [0x0000000797600000,0x0000000797600000,0x0000000797b00000)
 ParOldGen       total 87552K, used 22770K [0x0000000740000000, 0x0000000745580000, 0x0000000795580000)
  object space 87552K, 26% used [0x0000000740000000,0x000000074163c908,0x0000000745580000)
 Metaspace       used 18055K, capacity 18450K, committed 18816K, reserved 1064960K
  class space    used 2226K, capacity 2332K, committed 2432K, reserved 1048576K

Card table byte_map: [0x0000000109400000,0x0000000109801000] byte_map_base: 0x0000000105a00000

Marking Bits: (ParMarkBitMap*) 0x00000001088fbe40
 Begin Bits: [0x0000000109aac000, 0x000000010baac000)
 End Bits:   [0x000000010baac000, 0x000000010daac000)

Polling page: 0x00000001077fa000

CodeCache: size=245760Kb used=8459Kb max_used=8463Kb free=237300Kb
 bounds [0x00000001175e6000, 0x0000000117e36000, 0x00000001265e6000]
 total_blobs=3165 nmethods=2528 adapters=549
 compilation: enabled

Compilation events (10 events):
Event: 201.763 Thread 0x00007f8ef7825800 2562       3       java.awt.geom.AffineTransform::setToScale (66 bytes)
Event: 201.763 Thread 0x00007f8ef7825800 nmethod 2562 0x0000000117e2f090 code [0x0000000117e2f220, 0x0000000117e2f4b0]
Event: 201.797 Thread 0x00007f8ef7825800 2563       3       sun.java2d.opengl.OGLRenderQueue::access$100 (5 bytes)
Event: 201.798 Thread 0x00007f8ef7825800 nmethod 2563 0x0000000117e2ed10 code [0x0000000117e2ee80, 0x0000000117e2efe8]
Event: 201.798 Thread 0x00007f8ef7825800 2564       3       sun.java2d.opengl.OGLRenderQueue::flushBuffer (41 bytes)
Event: 201.798 Thread 0x00007f8ef7825800 nmethod 2564 0x0000000117e2e450 code [0x0000000117e2e5e0, 0x0000000117e2eb38]
Event: 201.798 Thread 0x00007f8ef7825800 2565       3       sun.java2d.pipe.RenderBuffer::clear (9 bytes)
Event: 201.798 Thread 0x00007f8ef7825800 nmethod 2565 0x0000000117e2e090 code [0x0000000117e2e1e0, 0x0000000117e2e330]
Event: 201.861 Thread 0x00007f8ef7825800 2566       3       java.awt.Image::flush (15 bytes)
Event: 201.861 Thread 0x00007f8ef7825800 nmethod 2566 0x0000000117e2d110 code [0x0000000117e2d280, 0x0000000117e2d4e8]

GC Heap History (8 events):
Event: 6.303 GC heap before
{Heap before GC invocations=1 (full 0):
 PSYoungGen      total 38400K, used 25970K [0x0000000795580000, 0x0000000798000000, 0x00000007c0000000)
  eden space 33280K, 78% used [0x0000000795580000,0x0000000796edc970,0x0000000797600000)
  from space 5120K, 0% used [0x0000000797b00000,0x0000000797b00000,0x0000000798000000)
  to   space 5120K, 0% used [0x0000000797600000,0x0000000797600000,0x0000000797b00000)
 ParOldGen       total 87552K, used 0K [0x0000000740000000, 0x0000000745580000, 0x0000000795580000)
  object space 87552K, 0% used [0x0000000740000000,0x0000000740000000,0x0000000745580000)
 Metaspace       used 16803K, capacity 17112K, committed 17408K, reserved 1064960K
  class space    used 2103K, capacity 2189K, committed 2304K, reserved 1048576K
Event: 6.315 GC heap after
Heap after GC invocations=1 (full 0):
 PSYoungGen      total 38400K, used 5110K [0x0000000795580000, 0x0000000798000000, 0x00000007c0000000)
  eden space 33280K, 0% used [0x0000000795580000,0x0000000795580000,0x0000000797600000)
  from space 5120K, 99% used [0x0000000797600000,0x0000000797afdb20,0x0000000797b00000)
  to   space 5120K, 0% used [0x0000000797b00000,0x0000000797b00000,0x0000000798000000)
 ParOldGen       total 87552K, used 9592K [0x0000000740000000, 0x0000000745580000, 0x0000000795580000)
  object space 87552K, 10% used [0x0000000740000000,0x000000074095e3e8,0x0000000745580000)
 Metaspace       used 16803K, capacity 17112K, committed 17408K, reserved 1064960K
  class space    used 2103K, capacity 2189K, committed 2304K, reserved 1048576K
}
Event: 6.641 GC heap before
{Heap before GC invocations=2 (full 0):
 PSYoungGen      total 38400K, used 36704K [0x0000000795580000, 0x0000000798000000, 0x00000007c0000000)
  eden space 33280K, 94% used [0x0000000795580000,0x000000079745a4f8,0x0000000797600000)
  from space 5120K, 99% used [0x0000000797600000,0x0000000797afdb20,0x0000000797b00000)
  to   space 5120K, 0% used [0x0000000797b00000,0x0000000797b00000,0x0000000798000000)
 ParOldGen       total 87552K, used 9592K [0x0000000740000000, 0x0000000745580000, 0x0000000795580000)
  object space 87552K, 10% used [0x0000000740000000,0x000000074095e3e8,0x0000000745580000)
 Metaspace       used 16928K, capacity 17240K, committed 17664K, reserved 1064960K
  class space    used 2107K, capacity 2189K, committed 2304K, reserved 1048576K
Event: 6.651 GC heap after
Heap after GC invocations=2 (full 0):
 PSYoungGen      total 38400K, used 5088K [0x0000000795580000, 0x000000079a080000, 0x00000007c0000000)
  eden space 33280K, 0% used [0x0000000795580000,0x0000000795580000,0x0000000797600000)
  from space 5120K, 99% used [0x0000000797b00000,0x0000000797ff8250,0x0000000798000000)
  to   space 5120K, 0% used [0x0000000797600000,0x0000000797600000,0x0000000797b00000)
 ParOldGen       total 87552K, used 9932K [0x0000000740000000, 0x0000000745580000, 0x0000000795580000)
  object space 87552K, 11% used [0x0000000740000000,0x00000007409b33f8,0x0000000745580000)
 Metaspace       used 16928K, capacity 17240K, committed 17664K, reserved 1064960K
  class space    used 2107K, capacity 2189K, committed 2304K, reserved 1048576K
}
Event: 38.814 GC heap before
{Heap before GC invocations=3 (full 0):
 PSYoungGen      total 38400K, used 36873K [0x0000000795580000, 0x000000079a080000, 0x00000007c0000000)
  eden space 33280K, 95% used [0x0000000795580000,0x000000079748a488,0x0000000797600000)
  from space 5120K, 99% used [0x0000000797b00000,0x0000000797ff8250,0x0000000798000000)
  to   space 5120K, 0% used [0x0000000797600000,0x0000000797600000,0x0000000797b00000)
 ParOldGen       total 87552K, used 9932K [0x0000000740000000, 0x0000000745580000, 0x0000000795580000)
  object space 87552K, 11% used [0x0000000740000000,0x00000007409b33f8,0x0000000745580000)
 Metaspace       used 18005K, capacity 18386K, committed 18560K, reserved 1064960K
  class space    used 2225K, capacity 2332K, committed 2432K, reserved 1048576K
Event: 38.826 GC heap after
Heap after GC invocations=3 (full 0):
 PSYoungGen      total 38400K, used 5089K [0x0000000795580000, 0x000000079a080000, 0x00000007c0000000)
  eden space 33280K, 0% used [0x0000000795580000,0x0000000795580000,0x0000000797600000)
  from space 5120K, 99% used [0x0000000797600000,0x0000000797af8470,0x0000000797b00000)
  to   space 5120K, 0% used [0x0000000799b80000,0x0000000799b80000,0x000000079a080000)
 ParOldGen       total 87552K, used 19858K [0x0000000740000000, 0x0000000745580000, 0x0000000795580000)
  object space 87552K, 22% used [0x0000000740000000,0x0000000741364bb8,0x0000000745580000)
 Metaspace       used 18005K, capacity 18386K, committed 18560K, reserved 1064960K
  class space    used 2225K, capacity 2332K, committed 2432K, reserved 1048576K
}
Event: 201.767 GC heap before
{Heap before GC invocations=4 (full 0):
 PSYoungGen      total 38400K, used 29013K [0x0000000795580000, 0x000000079a080000, 0x00000007c0000000)
  eden space 33280K, 71% used [0x0000000795580000,0x0000000796cdd228,0x0000000797600000)
  from space 5120K, 99% used [0x0000000797600000,0x0000000797af8470,0x0000000797b00000)
  to   space 5120K, 0% used [0x0000000799b80000,0x0000000799b80000,0x000000079a080000)
 ParOldGen       total 87552K, used 19858K [0x0000000740000000, 0x0000000745580000, 0x0000000795580000)
  object space 87552K, 22% used [0x0000000740000000,0x0000000741364bb8,0x0000000745580000)
 Metaspace       used 18054K, capacity 18450K, committed 18816K, reserved 1064960K
  class space    used 2226K, capacity 2332K, committed 2432K, reserved 1048576K
Event: 201.773 GC heap after
Heap after GC invocations=4 (full 0):
 PSYoungGen      total 38400K, used 4880K [0x0000000795580000, 0x000000079a080000, 0x00000007c0000000)
  eden space 33280K, 0% used [0x0000000795580000,0x0000000795580000,0x0000000797600000)
  from space 5120K, 95% used [0x0000000799b80000,0x000000079a044260,0x000000079a080000)
  to   space 5120K, 0% used [0x0000000797600000,0x0000000797600000,0x0000000797b00000)
 ParOldGen       total 87552K, used 22770K [0x0000000740000000, 0x0000000745580000, 0x0000000795580000)
  object space 87552K, 26% used [0x0000000740000000,0x000000074163c908,0x0000000745580000)
 Metaspace       used 18054K, capacity 18450K, committed 18816K, reserved 1064960K
  class space    used 2226K, capacity 2332K, committed 2432K, reserved 1048576K
}

Deoptimization events (10 events):
Event: 3.376 Thread 0x00007f8ef8238800 Uncommon trap: reason=class_check action=maybe_recompile pc=0x0000000117784754 method=java.lang.String.equals(Ljava/lang/Object;)Z @ 8
Event: 3.501 Thread 0x00007f8ef8238800 Uncommon trap: reason=class_check action=maybe_recompile pc=0x0000000117784754 method=java.lang.String.equals(Ljava/lang/Object;)Z @ 8
Event: 3.501 Thread 0x00007f8ef8238800 Uncommon trap: reason=class_check action=maybe_recompile pc=0x0000000117784754 method=java.lang.String.equals(Ljava/lang/Object;)Z @ 8
Event: 6.273 Thread 0x00007f8ef8238800 Uncommon trap: reason=unstable_if action=reinterpret pc=0x0000000117aad4dc method=java.beans.ChangeListenerMap.get(Ljava/lang/String;)[Ljava/util/EventListener; @ 4
Event: 7.474 Thread 0x00007f8ef8238800 Uncommon trap: reason=unstable_if action=reinterpret pc=0x0000000117b3200c method=java.awt.Component.inside(II)Z @ 1
Event: 17.173 Thread 0x00007f8ef8238800 Uncommon trap: reason=unstable_if action=reinterpret pc=0x0000000117cdd188 method=sun.awt.SunToolkit.isInstanceOf(Ljava/lang/Class;Ljava/lang/String;)Z @ 14
Event: 17.798 Thread 0x00007f8ef8238800 Uncommon trap: reason=unstable_if action=reinterpret pc=0x0000000117c6a988 method=java.awt.Container$MouseEventTargetFilter.accept(Ljava/awt/Component;)Z @ 50
Event: 18.433 Thread 0x00007f8ef8238800 Uncommon trap: reason=unstable_if action=reinterpret pc=0x0000000117a697c0 method=java.util.Calendar.getSetStateFields()I @ 19
Event: 18.433 Thread 0x00007f8ef8238800 Uncommon trap: reason=unstable_if action=reinterpret pc=0x0000000117cb7468 method=java.util.GregorianCalendar.computeFields(II)I @ 718
Event: 36.791 Thread 0x00007f8ef8238800 Uncommon trap: reason=unstable_if action=reinterpret pc=0x0000000117dde4d0 method=java.awt.Rectangle.inside(II)Z @ 66

Classes redefined (0 events):
No events

Internal exceptions (10 events):
Event: 0.082 Thread 0x00007f8ef6805000 Exception <a 'java/security/PrivilegedActionException'> (0x00000007956220b8) thrown at [/Users/java_re/workspace/8-2-build-macosx-x86_64/jdk8u221/13320/hotspot/src/share/vm/prims/jvm.cpp, line 1502]
Event: 0.082 Thread 0x00007f8ef6805000 Exception <a 'java/security/PrivilegedActionException'> (0x00000007956222c8) thrown at [/Users/java_re/workspace/8-2-build-macosx-x86_64/jdk8u221/13320/hotspot/src/share/vm/prims/jvm.cpp, line 1502]
Event: 0.082 Thread 0x00007f8ef6805000 Exception <a 'java/security/PrivilegedActionException'> (0x00000007956255f8) thrown at [/Users/java_re/workspace/8-2-build-macosx-x86_64/jdk8u221/13320/hotspot/src/share/vm/prims/jvm.cpp, line 1502]
Event: 0.082 Thread 0x00007f8ef6805000 Exception <a 'java/security/PrivilegedActionException'> (0x0000000795625808) thrown at [/Users/java_re/workspace/8-2-build-macosx-x86_64/jdk8u221/13320/hotspot/src/share/vm/prims/jvm.cpp, line 1502]
Event: 0.444 Thread 0x00007f8ef6805000 Exception <a 'java/lang/NoSuchFieldError': method resolution failed> (0x0000000795cdeb58) thrown at [/Users/java_re/workspace/8-2-build-macosx-x86_64/jdk8u221/13320/hotspot/src/share/vm/prims/methodHandles.cpp, line 1167]
Event: 0.448 Thread 0x00007f8ef6805000 Exception <a 'java/lang/NoSuchFieldError': method resolution failed> (0x0000000795cec248) thrown at [/Users/java_re/workspace/8-2-build-macosx-x86_64/jdk8u221/13320/hotspot/src/share/vm/prims/methodHandles.cpp, line 1167]
Event: 0.657 Thread 0x00007f8ef6805000 Exception <a 'java/io/FileNotFoundException'> (0x0000000795d674b8) thrown at [/Users/java_re/workspace/8-2-build-macosx-x86_64/jdk8u221/13320/hotspot/src/share/vm/prims/jni.cpp, line 710]
Event: 0.657 Thread 0x00007f8ef6805000 Exception <a 'java/io/FileNotFoundException'> (0x0000000795d68060) thrown at [/Users/java_re/workspace/8-2-build-macosx-x86_64/jdk8u221/13320/hotspot/src/share/vm/prims/jni.cpp, line 710]
Event: 6.273 Thread 0x00007f8ef8238800 Implicit null exception at 0x0000000117aac4ec to 0x0000000117aad4b5
Event: 24.561 Thread 0x00007f8ef8238800 Exception <a 'java/lang/NullPointerException'> (0x00000007970a05c0) thrown at [/Users/java_re/workspace/8-2-build-macosx-x86_64/jdk8u221/13320/hotspot/src/share/vm/interpreter/linkResolver.cpp, line 1185]

Events (10 events):
Event: 38.814 Executing VM operation: ParallelGCFailedAllocation
Event: 38.826 Executing VM operation: ParallelGCFailedAllocation done
Event: 201.685 loading class java/util/IdentityHashMap$Values
Event: 201.685 loading class java/util/IdentityHashMap$Values done
Event: 201.685 loading class java/util/IdentityHashMap$ValueIterator
Event: 201.685 loading class java/util/IdentityHashMap$ValueIterator done
Event: 201.685 loading class javax/swing/RepaintManager$DisplayChangedRunnable
Event: 201.685 loading class javax/swing/RepaintManager$DisplayChangedRunnable done
Event: 201.767 Executing VM operation: ParallelGCFailedAllocation
Event: 201.773 Executing VM operation: ParallelGCFailedAllocation done


Dynamic libraries:
0x00007fff50681000 	/System/Library/Frameworks/Cocoa.framework/Versions/A/Cocoa
0x00007fff5c425000 	/System/Library/Frameworks/Security.framework/Versions/A/Security
0x00007fff4f314000 	/System/Library/Frameworks/ApplicationServices.framework/Versions/A/ApplicationServices
0x00007fff7c538000 	/usr/lib/libz.1.dylib
0x00007fff79e92000 	/usr/lib/libSystem.B.dylib
0x00007fff7b6c9000 	/usr/lib/libobjc.A.dylib
0x00007fff50ef6000 	/System/Library/Frameworks/CoreFoundation.framework/Versions/A/CoreFoundation
0x00007fff53178000 	/System/Library/Frameworks/Foundation.framework/Versions/C/Foundation
0x00007fff4e50d000 	/System/Library/Frameworks/AppKit.framework/Versions/C/AppKit
0x00007fff50a7f000 	/System/Library/Frameworks/CoreData.framework/Versions/A/CoreData
0x00007fff73958000 	/System/Library/PrivateFrameworks/RemoteViewServices.framework/Versions/A/RemoteViewServices
0x00007fff77bcf000 	/System/Library/PrivateFrameworks/UIFoundation.framework/Versions/A/UIFoundation
0x00007fff792b3000 	/System/Library/PrivateFrameworks/XCTTargetBootstrap.framework/Versions/A/XCTTargetBootstrap
0x00007fff50e05000 	/System/Library/Frameworks/CoreDisplay.framework/Versions/A/CoreDisplay
0x00007fff6e66d000 	/System/Library/PrivateFrameworks/IconServices.framework/Versions/A/IconServices
0x00007fff55a99000 	/System/Library/Frameworks/Metal.framework/Versions/A/Metal
0x00007fff65bb0000 	/System/Library/PrivateFrameworks/DesktopServicesPriv.framework/Versions/A/DesktopServicesPriv
0x00007fff7aa2c000 	/usr/lib/libenergytrace.dylib
0x00007fff760b6000 	/System/Library/PrivateFrameworks/SkyLight.framework/Versions/A/SkyLight
0x00007fff5133c000 	/System/Library/Frameworks/CoreGraphics.framework/Versions/A/CoreGraphics
0x00007fff4d2d9000 	/System/Library/Frameworks/Accelerate.framework/Versions/A/Accelerate
0x00007fff538c1000 	/System/Library/Frameworks/IOSurface.framework/Versions/A/IOSurface
0x00007fff65a1c000 	/System/Library/PrivateFrameworks/DFRFoundation.framework/Versions/A/DFRFoundation
0x00007fff4f7f7000 	/System/Library/Frameworks/AudioToolbox.framework/Versions/A/AudioToolbox
0x00007fff4fa70000 	/System/Library/Frameworks/AudioUnit.framework/Versions/A/AudioUnit
0x00007fff65ab1000 	/System/Library/PrivateFrameworks/DataDetectorsCore.framework/Versions/A/DataDetectorsCore
0x00007fff50184000 	/System/Library/Frameworks/Carbon.framework/Versions/A/Frameworks/HIToolbox.framework/Versions/A/HIToolbox
0x00007fff7ab85000 	/usr/lib/libicucore.A.dylib
0x00007fff5b998000 	/System/Library/Frameworks/QuartzCore.framework/Versions/A/QuartzCore
0x00007fff50559000 	/System/Library/Frameworks/Carbon.framework/Versions/A/Frameworks/SpeechRecognition.framework/Versions/A/SpeechRecognition
0x00007fff79fe6000 	/usr/lib/libauto.dylib
0x00007fff7c42c000 	/usr/lib/libxml2.2.dylib
0x00007fff655f7000 	/System/Library/PrivateFrameworks/CoreUI.framework/Versions/A/CoreUI
0x00007fff5096a000 	/System/Library/Frameworks/CoreAudio.framework/Versions/A/CoreAudio
0x00007fff52fad000 	/System/Library/Frameworks/DiskArbitration.framework/Versions/A/DiskArbitration
0x00007fff7ae33000 	/usr/lib/liblangid.dylib
0x00007fff6fa9d000 	/System/Library/PrivateFrameworks/MultitouchSupport.framework/Versions/A/MultitouchSupport
0x00007fff53830000 	/System/Library/Frameworks/IOKit.framework/Versions/A/IOKit
0x00007fff79a52000 	/usr/lib/libDiagnosticMessagesClient.dylib
0x00007fff5214b000 	/System/Library/Frameworks/CoreServices.framework/Versions/A/CoreServices
0x00007fff71757000 	/System/Library/PrivateFrameworks/PerformanceAnalysis.framework/Versions/A/PerformanceAnalysis
0x00007fff5ab86000 	/System/Library/Frameworks/OpenGL.framework/Versions/A/OpenGL
0x00007fff5068f000 	/System/Library/Frameworks/ColorSync.framework/Versions/A/ColorSync
0x00007fff519cd000 	/System/Library/Frameworks/CoreImage.framework/Versions/A/CoreImage
0x00007fff52b23000 	/System/Library/Frameworks/CoreText.framework/Versions/A/CoreText
0x00007fff53924000 	/System/Library/Frameworks/ImageIO.framework/Versions/A/ImageIO
0x00007fff61c49000 	/System/Library/PrivateFrameworks/Backup.framework/Versions/A/Backup
0x00007fff79f39000 	/usr/lib/libarchive.2.dylib
0x00007fff4fdc9000 	/System/Library/Frameworks/CFNetwork.framework/Versions/A/CFNetwork
0x00007fff5cb81000 	/System/Library/Frameworks/SystemConfiguration.framework/Versions/A/SystemConfiguration
0x00007fff79983000 	/usr/lib/libCRFSuite.dylib
0x00007fff7a0d5000 	/usr/lib/libc++.1.dylib
0x00007fff7a129000 	/usr/lib/libc++abi.dylib
0x00007fff7cd2e000 	/usr/lib/system/libcache.dylib
0x00007fff7cd33000 	/usr/lib/system/libcommonCrypto.dylib
0x00007fff7cd3e000 	/usr/lib/system/libcompiler_rt.dylib
0x00007fff7cd46000 	/usr/lib/system/libcopyfile.dylib
0x00007fff7cd50000 	/usr/lib/system/libcorecrypto.dylib
0x00007fff7ce5b000 	/usr/lib/system/libdispatch.dylib
0x00007fff7ce95000 	/usr/lib/system/libdyld.dylib
0x00007fff7cec2000 	/usr/lib/system/libkeymgr.dylib
0x00007fff7ced0000 	/usr/lib/system/liblaunch.dylib
0x00007fff7ced1000 	/usr/lib/system/libmacho.dylib
0x00007fff7ced7000 	/usr/lib/system/libquarantine.dylib
0x00007fff7ceda000 	/usr/lib/system/libremovefile.dylib
0x00007fff7cedc000 	/usr/lib/system/libsystem_asl.dylib
0x00007fff7cef4000 	/usr/lib/system/libsystem_blocks.dylib
0x00007fff7cef5000 	/usr/lib/system/libsystem_c.dylib
0x00007fff7cf7d000 	/usr/lib/system/libsystem_configuration.dylib
0x00007fff7cf81000 	/usr/lib/system/libsystem_coreservices.dylib
0x00007fff7cf85000 	/usr/lib/system/libsystem_darwin.dylib
0x00007fff7cf8c000 	/usr/lib/system/libsystem_dnssd.dylib
0x00007fff7cf93000 	/usr/lib/system/libsystem_info.dylib
0x00007fff7d008000 	/usr/lib/system/libsystem_m.dylib
0x00007fff7d054000 	/usr/lib/system/libsystem_malloc.dylib
0x00007fff7d07f000 	/usr/lib/system/libsystem_networkextension.dylib
0x00007fff7d08a000 	/usr/lib/system/libsystem_notify.dylib
0x00007fff7d0a7000 	/usr/lib/system/libsystem_sandbox.dylib
0x00007fff7d0ab000 	/usr/lib/system/libsystem_secinit.dylib
0x00007fff7cfdf000 	/usr/lib/system/libsystem_kernel.dylib
0x00007fff7d092000 	/usr/lib/system/libsystem_platform.dylib
0x00007fff7d09c000 	/usr/lib/system/libsystem_pthread.dylib
0x00007fff7d0ae000 	/usr/lib/system/libsystem_symptoms.dylib
0x00007fff7d0b6000 	/usr/lib/system/libsystem_trace.dylib
0x00007fff7d0cd000 	/usr/lib/system/libunwind.dylib
0x00007fff7d0d3000 	/usr/lib/system/libxpc.dylib
0x00007fff7a0b6000 	/usr/lib/libbsm.0.dylib
0x00007fff7cec3000 	/usr/lib/system/libkxld.dylib
0x00007fff6103a000 	/System/Library/PrivateFrameworks/AppleFSCompression.framework/Versions/A/AppleFSCompression
0x00007fff79d52000 	/usr/lib/libOpenScriptingUtil.dylib
0x00007fff7a3de000 	/usr/lib/libcoretls.dylib
0x00007fff7a3f5000 	/usr/lib/libcoretls_cfhelpers.dylib
0x00007fff7be60000 	/usr/lib/libpam.2.dylib
0x00007fff7c020000 	/usr/lib/libsqlite3.dylib
0x00007fff7c41a000 	/usr/lib/libxar.1.dylib
0x00007fff7a0c7000 	/usr/lib/libbz2.1.0.dylib
0x00007fff7ae35000 	/usr/lib/liblzma.5.dylib
0x00007fff7b2e6000 	/usr/lib/libnetwork.dylib
0x00007fff79f22000 	/usr/lib/libapple_nghttp2.dylib
0x00007fff7be67000 	/usr/lib/libpcap.A.dylib
0x00007fff524ea000 	/System/Library/Frameworks/CoreServices.framework/Versions/A/Frameworks/FSEvents.framework/Versions/A/FSEvents
0x00007fff521c9000 	/System/Library/Frameworks/CoreServices.framework/Versions/A/Frameworks/CarbonCore.framework/Versions/A/CarbonCore
0x00007fff526a5000 	/System/Library/Frameworks/CoreServices.framework/Versions/A/Frameworks/Metadata.framework/Versions/A/Metadata
0x00007fff52744000 	/System/Library/Frameworks/CoreServices.framework/Versions/A/Frameworks/OSServices.framework/Versions/A/OSServices
0x00007fff5278f000 	/System/Library/Frameworks/CoreServices.framework/Versions/A/Frameworks/SearchKit.framework/Versions/A/SearchKit
0x00007fff5214c000 	/System/Library/Frameworks/CoreServices.framework/Versions/A/Frameworks/AE.framework/Versions/A/AE
0x00007fff524f3000 	/System/Library/Frameworks/CoreServices.framework/Versions/A/Frameworks/LaunchServices.framework/Versions/A/LaunchServices
0x00007fff524a1000 	/System/Library/Frameworks/CoreServices.framework/Versions/A/Frameworks/DictionaryServices.framework/Versions/A/DictionaryServices
0x00007fff527f7000 	/System/Library/Frameworks/CoreServices.framework/Versions/A/Frameworks/SharedFileList.framework/Versions/A/SharedFileList
0x00007fff56b61000 	/System/Library/Frameworks/NetFS.framework/Versions/A/NetFS
0x00007fff6fd03000 	/System/Library/PrivateFrameworks/NetAuth.framework/Versions/A/NetAuth
0x00007fff796b7000 	/System/Library/PrivateFrameworks/login.framework/Versions/A/Frameworks/loginsupport.framework/Versions/A/loginsupport
0x00007fff777d8000 	/System/Library/PrivateFrameworks/TCC.framework/Versions/A/TCC
0x00007fff64c54000 	/System/Library/PrivateFrameworks/CoreNLP.framework/Versions/A/CoreNLP
0x00007fff6f773000 	/System/Library/PrivateFrameworks/MetadataUtilities.framework/Versions/A/MetadataUtilities
0x00007fff7af0a000 	/usr/lib/libmecabra.dylib
0x00007fff4f315000 	/System/Library/Frameworks/ApplicationServices.framework/Versions/A/Frameworks/ATS.framework/Versions/A/ATS
0x00007fff4f664000 	/System/Library/Frameworks/ApplicationServices.framework/Versions/A/Frameworks/ColorSyncLegacy.framework/Versions/A/ColorSyncLegacy
0x00007fff4f703000 	/System/Library/Frameworks/ApplicationServices.framework/Versions/A/Frameworks/HIServices.framework/Versions/A/HIServices
0x00007fff4f756000 	/System/Library/Frameworks/ApplicationServices.framework/Versions/A/Frameworks/LangAnalysis.framework/Versions/A/LangAnalysis
0x00007fff4f766000 	/System/Library/Frameworks/ApplicationServices.framework/Versions/A/Frameworks/PrintCore.framework/Versions/A/PrintCore
0x00007fff4f7b0000 	/System/Library/Frameworks/ApplicationServices.framework/Versions/A/Frameworks/QD.framework/Versions/A/QD
0x00007fff4f7ea000 	/System/Library/Frameworks/ApplicationServices.framework/Versions/A/Frameworks/SpeechSynthesis.framework/Versions/A/SpeechSynthesis
0x00007fff7a151000 	/usr/lib/libcompression.dylib
0x00007fff55d69000 	/System/Library/Frameworks/MetalPerformanceShaders.framework/Versions/A/MetalPerformanceShaders
0x00007fff4d2f1000 	/System/Library/Frameworks/Accelerate.framework/Versions/A/Frameworks/vImage.framework/Versions/A/vImage
0x00007fff4e36b000 	/System/Library/Frameworks/Accelerate.framework/Versions/A/Frameworks/vecLib.framework/Versions/A/vecLib
0x00007fff4e2b7000 	/System/Library/Frameworks/Accelerate.framework/Versions/A/Frameworks/vecLib.framework/Versions/A/libvMisc.dylib
0x00007fff4e0cf000 	/System/Library/Frameworks/Accelerate.framework/Versions/A/Frameworks/vecLib.framework/Versions/A/libvDSP.dylib
0x00007fff4d98b000 	/System/Library/Frameworks/Accelerate.framework/Versions/A/Frameworks/vecLib.framework/Versions/A/libBLAS.dylib
0x00007fff4dc78000 	/System/Library/Frameworks/Accelerate.framework/Versions/A/Frameworks/vecLib.framework/Versions/A/libLAPACK.dylib
0x00007fff4e022000 	/System/Library/Frameworks/Accelerate.framework/Versions/A/Frameworks/vecLib.framework/Versions/A/libLinearAlgebra.dylib
0x00007fff4e0bb000 	/System/Library/Frameworks/Accelerate.framework/Versions/A/Frameworks/vecLib.framework/Versions/A/libSparseBLAS.dylib
0x00007fff4e038000 	/System/Library/Frameworks/Accelerate.framework/Versions/A/Frameworks/vecLib.framework/Versions/A/libQuadrature.dylib
0x00007fff4dc05000 	/System/Library/Frameworks/Accelerate.framework/Versions/A/Frameworks/vecLib.framework/Versions/A/libBNNS.dylib
0x00007fff4e03e000 	/System/Library/Frameworks/Accelerate.framework/Versions/A/Frameworks/vecLib.framework/Versions/A/libSparse.dylib
0x00007fff6bfa2000 	/System/Library/PrivateFrameworks/GPUWrangler.framework/Versions/A/GPUWrangler
0x00007fff6e2a2000 	/System/Library/PrivateFrameworks/IOAccelerator.framework/Versions/A/IOAccelerator
0x00007fff6e2ad000 	/System/Library/PrivateFrameworks/IOPresentment.framework/Versions/A/IOPresentment
0x00007fff65a2c000 	/System/Library/PrivateFrameworks/DSExternalDisplay.framework/Versions/A/DSExternalDisplay
0x00007fff59fdd000 	/System/Library/Frameworks/OpenGL.framework/Versions/A/Libraries/libCoreFSCache.dylib
0x00007fff55b5d000 	/System/Library/Frameworks/MetalPerformanceShaders.framework/Frameworks/MPSCore.framework/Versions/A/MPSCore
0x00007fff55b7d000 	/System/Library/Frameworks/MetalPerformanceShaders.framework/Frameworks/MPSImage.framework/Versions/A/MPSImage
0x00007fff55c22000 	/System/Library/Frameworks/MetalPerformanceShaders.framework/Frameworks/MPSNeuralNetwork.framework/Versions/A/MPSNeuralNetwork
0x00007fff55bfa000 	/System/Library/Frameworks/MetalPerformanceShaders.framework/Frameworks/MPSMatrix.framework/Versions/A/MPSMatrix
0x00007fff55d4e000 	/System/Library/Frameworks/MetalPerformanceShaders.framework/Frameworks/MPSRayIntersector.framework/Versions/A/MPSRayIntersector
0x00007fff6f79c000 	/System/Library/PrivateFrameworks/MetalTools.framework/Versions/A/MetalTools
0x00007fff608e4000 	/System/Library/PrivateFrameworks/AggregateDictionary.framework/Versions/A/AggregateDictionary
0x00007fff79d32000 	/usr/lib/libMobileGestalt.dylib
0x00007fff52c86000 	/System/Library/Frameworks/CoreVideo.framework/Versions/A/CoreVideo
0x00007fff6cdb3000 	/System/Library/PrivateFrameworks/GraphVisualizer.framework/Versions/A/GraphVisualizer
0x00007fff66c32000 	/System/Library/PrivateFrameworks/FaceCore.framework/Versions/A/FaceCore
0x00007fff5960b000 	/System/Library/Frameworks/OpenCL.framework/Versions/A/OpenCL
0x00007fff79a8a000 	/usr/lib/libFosl_dynamic.dylib
0x00007fff7056e000 	/System/Library/PrivateFrameworks/OTSVG.framework/Versions/A/OTSVG
0x00007fff4f419000 	/System/Library/Frameworks/ApplicationServices.framework/Versions/A/Frameworks/ATS.framework/Versions/A/Resources/libFontParser.dylib
0x00007fff4f531000 	/System/Library/Frameworks/ApplicationServices.framework/Versions/A/Frameworks/ATS.framework/Versions/A/Resources/libFontRegistry.dylib
0x00007fff53b92000 	/System/Library/Frameworks/ImageIO.framework/Versions/A/Resources/libJPEG.dylib
0x00007fff53ea4000 	/System/Library/Frameworks/ImageIO.framework/Versions/A/Resources/libTIFF.dylib
0x00007fff53e7a000 	/System/Library/Frameworks/ImageIO.framework/Versions/A/Resources/libPng.dylib
0x00007fff53ab0000 	/System/Library/Frameworks/ImageIO.framework/Versions/A/Resources/libGIF.dylib
0x00007fff53ab5000 	/System/Library/Frameworks/ImageIO.framework/Versions/A/Resources/libJP2.dylib
0x00007fff53ea1000 	/System/Library/Frameworks/ImageIO.framework/Versions/A/Resources/libRadiance.dylib
0x00007fff61191000 	/System/Library/PrivateFrameworks/AppleJPEG.framework/Versions/A/AppleJPEG
0x00007fff59fe8000 	/System/Library/Frameworks/OpenGL.framework/Versions/A/Libraries/libGFXShared.dylib
0x00007fff5a1ab000 	/System/Library/Frameworks/OpenGL.framework/Versions/A/Libraries/libGLU.dylib
0x00007fff59ff1000 	/System/Library/Frameworks/OpenGL.framework/Versions/A/Libraries/libGL.dylib
0x00007fff59ffd000 	/System/Library/Frameworks/OpenGL.framework/Versions/A/Libraries/libGLImage.dylib
0x00007fff59fda000 	/System/Library/Frameworks/OpenGL.framework/Versions/A/Libraries/libCVMSPluginSupport.dylib
0x00007fff59fe3000 	/System/Library/Frameworks/OpenGL.framework/Versions/A/Libraries/libCoreVMClient.dylib
0x00007fff7a8a2000 	/usr/lib/libcups.2.dylib
0x00007fff55064000 	/System/Library/Frameworks/Kerberos.framework/Versions/A/Kerberos
0x00007fff53594000 	/System/Library/Frameworks/GSS.framework/Versions/A/GSS
0x00007fff7bfb5000 	/usr/lib/libresolv.9.dylib
0x00007fff7aa94000 	/usr/lib/libiconv.2.dylib
0x00007fff6cf28000 	/System/Library/PrivateFrameworks/Heimdal.framework/Versions/A/Heimdal
0x00007fff7aa64000 	/usr/lib/libheimdal-asn1.dylib
0x00007fff5967f000 	/System/Library/Frameworks/OpenDirectory.framework/Versions/A/OpenDirectory
0x00007fff639b7000 	/System/Library/PrivateFrameworks/CommonAuth.framework/Versions/A/CommonAuth
0x00007fff59663000 	/System/Library/Frameworks/OpenDirectory.framework/Versions/A/Frameworks/CFOpenDirectory.framework/Versions/A/CFOpenDirectory
0x00007fff5c726000 	/System/Library/Frameworks/SecurityFoundation.framework/Versions/A/SecurityFoundation
0x00007fff5fe2a000 	/System/Library/PrivateFrameworks/APFS.framework/Versions/A/APFS
0x00007fff7c416000 	/usr/lib/libutil.dylib
0x00007fff7a13f000 	/usr/lib/libcharset.1.dylib
0x00007fff6142e000 	/System/Library/PrivateFrameworks/AppleSauce.framework/Versions/A/AppleSauce
0x00007fff615af000 	/System/Library/PrivateFrameworks/AssertionServices.framework/Versions/A/AssertionServices
0x00007fff61cdf000 	/System/Library/PrivateFrameworks/BaseBoard.framework/Versions/A/BaseBoard
0x00007fff7ae65000 	/usr/lib/libmecab.1.0.0.dylib
0x00007fff7aa5e000 	/usr/lib/libgermantok.dylib
0x00007fff79f0f000 	/usr/lib/libThaiTokenizer.dylib
0x00007fff799ba000 	/usr/lib/libChineseTokenizer.dylib
0x00007fff6e95a000 	/System/Library/PrivateFrameworks/LanguageModeling.framework/Versions/A/LanguageModeling
0x00007fff64699000 	/System/Library/PrivateFrameworks/CoreEmoji.framework/Versions/A/CoreEmoji
0x00007fff6ea36000 	/System/Library/PrivateFrameworks/Lexicon.framework/Versions/A/Lexicon
0x00007fff6ea79000 	/System/Library/PrivateFrameworks/LinguisticData.framework/Versions/A/LinguisticData
0x00007fff7a140000 	/usr/lib/libcmph.dylib
0x00007fff5c7e4000 	/System/Library/Frameworks/ServiceManagement.framework/Versions/A/ServiceManagement
0x00007fff61c40000 	/System/Library/PrivateFrameworks/BackgroundTaskManagement.framework/Versions/A/BackgroundTaskManagement
0x00007fff7c50f000 	/usr/lib/libxslt.1.dylib
0x00007fff50486000 	/System/Library/Frameworks/Carbon.framework/Versions/A/Frameworks/Ink.framework/Versions/A/Ink
0x00007fff77a4a000 	/System/Library/PrivateFrameworks/TextureIO.framework/Versions/A/TextureIO
0x00007fff79f63000 	/usr/lib/libate.dylib
0x00007fff6597b000 	/System/Library/PrivateFrameworks/CrashReporterSupport.framework/Versions/A/CrashReporterSupport
0x00007fff75184000 	/System/Library/PrivateFrameworks/Sharing.framework/Versions/A/Sharing
0x00007fff61992000 	/System/Library/PrivateFrameworks/AuthKit.framework/Versions/A/AuthKit
0x00007fff60ee6000 	/System/Library/PrivateFrameworks/Apple80211.framework/Versions/A/Apple80211
0x00007fff65723000 	/System/Library/PrivateFrameworks/CoreUtils.framework/Versions/A/CoreUtils
0x00007fff52cc7000 	/System/Library/Frameworks/CoreWLAN.framework/Versions/A/CoreWLAN
0x00007fff536c3000 	/System/Library/Frameworks/IOBluetooth.framework/Versions/A/IOBluetooth
0x00007fff735f8000 	/System/Library/PrivateFrameworks/ProtocolBuffer.framework/Versions/A/ProtocolBuffer
0x00007fff6f9f9000 	/System/Library/PrivateFrameworks/MobileKeyBag.framework/Versions/A/MobileKeyBag
0x00007fff64f67000 	/System/Library/PrivateFrameworks/CorePhoneNumbers.framework/Versions/A/CorePhoneNumbers
0x00007fff61145000 	/System/Library/PrivateFrameworks/AppleIDAuthSupport.framework/Versions/A/AppleIDAuthSupport
0x00007fff6e92d000 	/System/Library/PrivateFrameworks/KeychainCircle.framework/Versions/A/KeychainCircle
0x00007fff737ae000 	/System/Library/PrivateFrameworks/ROCKit.framework/Versions/A/ROCKit
0x00007fff65917000 	/System/Library/PrivateFrameworks/CoreWiFi.framework/Versions/A/CoreWiFi
0x00007fff50a54000 	/System/Library/Frameworks/CoreBluetooth.framework/Versions/A/CoreBluetooth
0x00007fff65b72000 	/System/Library/PrivateFrameworks/DebugSymbols.framework/Versions/A/DebugSymbols
0x00007fff654e3000 	/System/Library/PrivateFrameworks/CoreSymbolication.framework/Versions/A/CoreSymbolication
0x00007fff77265000 	/System/Library/PrivateFrameworks/Symbolication.framework/Versions/A/Symbolication
0x00007fff76b08000 	/System/Library/PrivateFrameworks/SpeechRecognitionCore.framework/Versions/A/SpeechRecognitionCore
0x0000000108000000 	/Library/Java/JavaVirtualMachines/jdk1.8.0_221.jdk/Contents/Home/jre/lib/server/libjvm.dylib
0x00007fff7c2f1000 	/usr/lib/libstdc++.6.dylib
0x00000001077ec000 	/Library/Java/JavaVirtualMachines/jdk1.8.0_221.jdk/Contents/Home/jre/lib/libverify.dylib
0x0000000108fb9000 	/Library/Java/JavaVirtualMachines/jdk1.8.0_221.jdk/Contents/Home/jre/lib/libjava.dylib
0x0000000109037000 	/Library/Java/JavaVirtualMachines/jdk1.8.0_221.jdk/Contents/Home/jre/lib/libzip.dylib
0x000000010fb5e000 	/Library/Java/JavaVirtualMachines/jdk1.8.0_221.jdk/Contents/Home/jre/lib/libnet.dylib
0x000000010fb7a000 	/Library/Java/JavaVirtualMachines/jdk1.8.0_221.jdk/Contents/Home/jre/lib/libawt.dylib
0x000000010fc23000 	/Library/Java/JavaVirtualMachines/jdk1.8.0_221.jdk/Contents/Home/jre/lib/./libmlib_image.dylib
0x00007fff5504d000 	/System/Library/Frameworks/JavaVM.framework/Versions/A/Frameworks/JavaNativeFoundation.framework/Versions/A/JavaNativeFoundation
0x00007fff55056000 	/System/Library/Frameworks/JavaVM.framework/Versions/A/Frameworks/JavaRuntimeSupport.framework/Versions/A/JavaRuntimeSupport
0x00007fff5505f000 	/System/Library/Frameworks/JavaVM.framework/Versions/A/JavaVM
0x00007fff6e84c000 	/System/Library/PrivateFrameworks/JavaLaunching.framework/Versions/A/JavaLaunching
0x00007fff5017f000 	/System/Library/Frameworks/Carbon.framework/Versions/A/Carbon
0x00007fff50180000 	/System/Library/Frameworks/Carbon.framework/Versions/A/Frameworks/CommonPanels.framework/Versions/A/CommonPanels
0x00007fff5047c000 	/System/Library/Frameworks/Carbon.framework/Versions/A/Frameworks/Help.framework/Versions/A/Help
0x00007fff50480000 	/System/Library/Frameworks/Carbon.framework/Versions/A/Frameworks/ImageCapture.framework/Versions/A/ImageCapture
0x00007fff5051c000 	/System/Library/Frameworks/Carbon.framework/Versions/A/Frameworks/OpenScripting.framework/Versions/A/OpenScripting
0x00007fff50554000 	/System/Library/Frameworks/Carbon.framework/Versions/A/Frameworks/Print.framework/Versions/A/Print
0x00007fff50556000 	/System/Library/Frameworks/Carbon.framework/Versions/A/Frameworks/SecurityHI.framework/Versions/A/SecurityHI
0x000000010fcef000 	/Library/Java/JavaVirtualMachines/jdk1.8.0_221.jdk/Contents/Home/jre/lib/libawt_lwawt.dylib
0x000000010fdaa000 	/Library/Java/JavaVirtualMachines/jdk1.8.0_221.jdk/Contents/Home/jre/lib/./libosxapp.dylib
0x00007fff53151000 	/System/Library/Frameworks/ExceptionHandling.framework/Versions/A/ExceptionHandling
0x00007fff650eb000 	/System/Library/PrivateFrameworks/CoreServicesInternal.framework/Versions/A/CoreServicesInternal
0x00007fff45657000 	/System/Library/CoreServices/RawCamera.bundle/Contents/MacOS/RawCamera
0x00007fff6f840000 	/System/Library/PrivateFrameworks/MobileAsset.framework/Versions/A/MobileAsset
0x00007fff771b3000 	/System/Library/PrivateFrameworks/StreamingZip.framework/Versions/A/StreamingZip
0x00007fff553f1000 	/System/Library/Frameworks/MediaToolbox.framework/Versions/A/MediaToolbox
0x00007fff6423d000 	/System/Library/PrivateFrameworks/CoreAVCHD.framework/Versions/A/CoreAVCHD
0x00007fff55337000 	/System/Library/Frameworks/MediaAccessibility.framework/Versions/A/MediaAccessibility
0x00007fff6f29c000 	/System/Library/PrivateFrameworks/Mangrove.framework/Versions/A/Mangrove
0x00007fff51fea000 	/System/Library/Frameworks/CoreMedia.framework/Versions/A/CoreMedia
0x00007fff5ce4d000 	/System/Library/Frameworks/VideoToolbox.framework/Versions/A/VideoToolbox
0x00007fff63e59000 	/System/Library/PrivateFrameworks/CoreAUC.framework/Versions/A/CoreAUC
0x00007fff7c01e000 	/usr/lib/libspindump.dylib
0x00007fff61514000 	/System/Library/PrivateFrameworks/AppleVA.framework/Versions/A/AppleVA
0x00007fff4d2da000 	/System/Library/Frameworks/Accelerate.framework/Versions/A/Frameworks/vImage.framework/Versions/A/Libraries/libCGInterfaces.dylib
0x00007fff4f5cd000 	/System/Library/Frameworks/ApplicationServices.framework/Versions/A/Frameworks/ATS.framework/Versions/A/Resources/libTrueTypeScaler.dylib
0x00007fff4a49a000 	/System/Library/Extensions/AppleIntelKBLGraphicsMTLDriver.bundle/Contents/MacOS/AppleIntelKBLGraphicsMTLDriver
0x00007fff6a901000 	/System/Library/PrivateFrameworks/GPUCompiler.framework/Versions/3902/Libraries/libmetal_timestamp.dylib
0x00007fff67057000 	/System/Library/PrivateFrameworks/FamilyControls.framework/Versions/A/FamilyControls
0x00007fff639aa000 	/System/Library/PrivateFrameworks/CommerceKit.framework/Versions/A/Frameworks/CommerceCore.framework/Versions/A/CommerceCore
0x00007fff77538000 	/System/Library/PrivateFrameworks/SystemAdministration.framework/Versions/A/SystemAdministration
0x00007fff60de7000 	/System/Library/PrivateFrameworks/AppContainer.framework/Versions/A/AppContainer
0x00007fff60e03000 	/System/Library/PrivateFrameworks/AppSandbox.framework/Versions/A/AppSandbox
0x00007fff75025000 	/System/Library/PrivateFrameworks/SecCodeWrapper.framework/Versions/A/SecCodeWrapper
0x00007fff7bfcf000 	/usr/lib/libsandbox.1.dylib
0x00007fff79d01000 	/usr/lib/libMatch.1.dylib
0x00007fff65ef7000 	/System/Library/PrivateFrameworks/DiskManagement.framework/Versions/A/DiskManagement
0x00007fff52ecd000 	/System/Library/Frameworks/DirectoryService.framework/Versions/A/DirectoryService
0x00007fff65e28000 	/System/Library/PrivateFrameworks/DiskImages.framework/Versions/A/DiskImages
0x00007fff6eb72000 	/System/Library/PrivateFrameworks/LoginUIKit.framework/Versions/A/Frameworks/LoginUICore.framework/Versions/A/LoginUICore
0x00007fff799c5000 	/usr/lib/libCoreStorage.dylib
0x00007fff7a88f000 	/usr/lib/libcsfde.dylib
0x00007fff7be4f000 	/usr/lib/libodfde.dylib
0x00007fff6f3b4000 	/System/Library/PrivateFrameworks/MediaKit.framework/Versions/A/MediaKit
0x00007fff52ed9000 	/System/Library/Frameworks/DiscRecording.framework/Versions/A/DiscRecording
0x00007fff6606b000 	/System/Library/PrivateFrameworks/EFILogin.framework/Versions/A/EFILogin
0x00007fff735a3000 	/System/Library/PrivateFrameworks/ProtectedCloudStorage.framework/Versions/A/ProtectedCloudStorage
0x00007fff7a921000 	/usr/lib/libcurl.4.dylib
0x00007fff7a78e000 	/usr/lib/libcrypto.42.dylib
0x00007fff7c2c1000 	/usr/lib/libssl.44.dylib
0x00007fff5507e000 	/System/Library/Frameworks/LDAP.framework/Versions/A/LDAP
0x00007fff77bc8000 	/System/Library/PrivateFrameworks/TrustEvaluationAgent.framework/Versions/A/TrustEvaluationAgent
0x00007fff7c00b000 	/usr/lib/libsasl2.2.dylib
0x00007fff64496000 	/System/Library/PrivateFrameworks/CoreDaemon.framework/Versions/B/CoreDaemon
0x00007fff61429000 	/System/Library/PrivateFrameworks/AppleSRP.framework/Versions/A/AppleSRP
0x00007fff78a02000 	/System/Library/PrivateFrameworks/ViewBridge.framework/Versions/A/ViewBridge
0x00007fff5ab96000 	/System/Library/Frameworks/OpenGL.framework/Versions/A/Resources/GLEngine.bundle/GLEngine
0x00007fff5a038000 	/System/Library/Frameworks/OpenGL.framework/Versions/A/Libraries/libGLProgrammability.dylib
0x00007fff496c5000 	/System/Library/Extensions/AppleIntelKBLGraphicsGLDriver.bundle/Contents/MacOS/AppleIntelKBLGraphicsGLDriver
0x00007fff6bf96000 	/System/Library/PrivateFrameworks/GPUSupport.framework/Versions/A/Libraries/libGPUSupportMercury.dylib
0x00007fff5ad2e000 	/System/Library/Frameworks/OpenGL.framework/Versions/A/Resources/GLRendererFloat.bundle/GLRendererFloat
0x00007fff59602000 	/System/Library/Frameworks/OpenCL.framework/Versions/A/Libraries/libcldcpuengine.dylib
0x00007fff7a594000 	/usr/lib/libcrypto.35.dylib
0x000000011563b000 	/Library/Java/JavaVirtualMachines/jdk1.8.0_221.jdk/Contents/Home/jre/lib/libfontmanager.dylib
0x00000001156b2000 	/Library/Java/JavaVirtualMachines/jdk1.8.0_221.jdk/Contents/Home/jre/lib/libosxui.dylib
0x00000001162d6000 	/usr/lib/libobjc-trampolines.dylib
0x00000001174fe000 	/Library/Java/JavaVirtualMachines/jdk1.8.0_221.jdk/Contents/Home/jre/lib/libnio.dylib
0x00007fff796ba000 	/System/Library/PrivateFrameworks/login.framework/Versions/A/login
0x000000011737d000 	/Library/Java/JavaVirtualMachines/jdk1.8.0_221.jdk/Contents/Home/jre/lib/libdcpr.dylib

VM Arguments:
jvm_args: -Dfile.encoding=UTF-8 
java_command: Main.Main
java_class_path (initial): /Applications/NetBeans/NetBeans 8.2.app/Contents/Resources/NetBeans/ide/modules/ext/mysql-connector-java-5.1.23-bin.jar:/Users/rivannurihsan/Downloads/jcalendar-1.4.jar:/Users/rivannurihsan/Documents/PBOFIX/TUBESPBO_1301180081_1301184329_1301184037/build/classes
Launcher Type: SUN_STANDARD

Environment Variables:
PATH=/usr/bin:/bin:/usr/sbin:/sbin
LD_LIBRARY_PATH=/Library/Java/JavaVirtualMachines/jdk1.8.0_221.jdk/Contents/Home/jre/lib/amd64:/Library/Java/JavaVirtualMachines/jdk1.8.0_221.jdk/Contents/Home/jre/lib/i386:
SHELL=/bin/bash

Signal Handlers:
SIGSEGV: [libjvm.dylib+0x5b71a7], sa_mask[0]=11111111011111110111111111111111, sa_flags=SA_ONSTACK|SA_RESTART|SA_SIGINFO
SIGBUS: [libjvm.dylib+0x5b71a7], sa_mask[0]=11111111011111110111111111111111, sa_flags=SA_RESTART|SA_SIGINFO
SIGFPE: [libjvm.dylib+0x48c8fc], sa_mask[0]=11111111011111110111111111111111, sa_flags=SA_RESTART|SA_SIGINFO
SIGPIPE: [libjvm.dylib+0x48c8fc], sa_mask[0]=11111111011111110111111111111111, sa_flags=SA_RESTART|SA_SIGINFO
SIGXFSZ: [libjvm.dylib+0x48c8fc], sa_mask[0]=11111111011111110111111111111111, sa_flags=SA_RESTART|SA_SIGINFO
SIGILL: [libjvm.dylib+0x48c8fc], sa_mask[0]=11111111011111110111111111111111, sa_flags=SA_RESTART|SA_SIGINFO
SIGUSR1: SIG_DFL, sa_mask[0]=00000000000000000000000000000000, sa_flags=none
SIGUSR2: [libjvm.dylib+0x48c41a], sa_mask[0]=00100000000000000000000000000000, sa_flags=SA_RESTART|SA_SIGINFO
SIGHUP: [libjvm.dylib+0x48a9a5], sa_mask[0]=11111111011111110111111111111111, sa_flags=SA_RESTART|SA_SIGINFO
SIGINT: SIG_IGN, sa_mask[0]=00000000000000000000000000000000, sa_flags=none
SIGTERM: [libjvm.dylib+0x48a9a5], sa_mask[0]=11111111011111110111111111111111, sa_flags=SA_RESTART|SA_SIGINFO
SIGQUIT: [libjvm.dylib+0x48a9a5], sa_mask[0]=11111111011111110111111111111111, sa_flags=SA_RESTART|SA_SIGINFO


---------------  S Y S T E M  ---------------

OS:Bsduname:Darwin 18.7.0 Darwin Kernel Version 18.7.0: Tue Aug 20 16:57:14 PDT 2019; root:xnu-4903.271.2~2/RELEASE_X86_64 x86_64
rlimit: STACK 8192k, CORE 0k, NPROC 709, NOFILE 10240, AS infinity
load average:2.40 2.16 1.94

CPU:total 4 (initial active 4) (2 cores per cpu, 2 threads per core) family 6 model 142 stepping 9, cmov, cx8, fxsr, mmx, sse, sse2, sse3, ssse3, sse4.1, sse4.2, popcnt, avx, avx2, aes, clmul, erms, rtm, 3dnowpref, lzcnt, ht, tsc, tscinvbit, bmi1, bmi2, adx

Memory: 4k page, physical 8388608k(293188k free)

/proc/meminfo:


vm_info: Java HotSpot(TM) 64-Bit Server VM (25.221-b11) for bsd-amd64 JRE (1.8.0_221-b11), built on Jul  4 2019 04:36:22 by "java_re" with gcc 4.2.1 (Based on Apple Inc. build 5658) (LLVM build 2336.11.00)

time: Thu Nov 28 21:34:39 2019
timezone: WIB
elapsed time: 201 seconds (0d 0h 3m 21s)

